[INFO][server.go:43] 2022/08/29 20:33:14 bind: 0.0.0.0:6379, start listening...
[INFO][server.go:71] 2022/08/29 20:34:51 accept link
[INFO][echo.go:53] 2022/08/29 20:34:51 connection close
[INFO][server.go:71] 2022/08/29 20:35:10 accept link
[INFO][echo.go:53] 2022/08/29 20:35:10 connection close
[INFO][server.go:53] 2022/08/29 20:35:43 shutting down...
[INFO][echo.go:69] 2022/08/29 20:35:43 handler shutting down...
[INFO][server.go:41] 2022/08/29 20:37:14 bind: 0.0.0.0:6379, start listening...
[INFO][server.go:70] 2022/08/29 20:37:18 accept link
[INFO][echo.go:53] 2022/08/29 20:37:18 connection close
[INFO][server.go:51] 2022/08/29 20:37:23 shutting down...
[INFO][echo.go:69] 2022/08/29 20:37:23 handler shutting down...
[INFO][server.go:41] 2022/08/29 20:45:05 bind: 0.0.0.0:6379, start listening...
[INFO][server.go:71] 2022/08/29 20:45:51 accept link
[INFO][server.go:71] 2022/08/29 20:46:42 accept link
[INFO][echo.go:55] 2022/08/29 20:46:54 connection close
[INFO][echo.go:55] 2022/08/29 20:48:09 connection close
[INFO][server.go:71] 2022/08/29 20:49:38 accept link
[INFO][echo.go:55] 2022/08/29 20:49:38 connection close
[INFO][server.go:52] 2022/08/29 20:50:43 shutting down...
[INFO][echo.go:71] 2022/08/29 20:50:43 handler shutting down...
[INFO][server.go:41] 2022/08/29 20:50:44 bind: 0.0.0.0:6379, start listening...
[INFO][server.go:71] 2022/08/29 20:50:57 accept link
[INFO][echo.go:65] 2022/08/29 20:50:57 5
[INFO][echo.go:65] 2022/08/29 20:50:57 1
[INFO][echo.go:55] 2022/08/29 20:50:57 connection close
[INFO][server.go:52] 2022/08/29 20:52:41 shutting down...
[INFO][echo.go:72] 2022/08/29 20:52:41 handler shutting down...
[INFO][server.go:41] 2022/08/29 20:52:45 bind: 0.0.0.0:6379, start listening...
[INFO][server.go:71] 2022/08/29 20:53:19 accept link
[INFO][echo.go:65] 2022/08/29 20:53:19 some

[INFO][echo.go:65] 2022/08/29 20:53:19 

[INFO][echo.go:55] 2022/08/29 20:53:19 connection close
[INFO][server.go:52] 2022/08/29 20:53:59 shutting down...
[INFO][echo.go:72] 2022/08/29 20:53:59 handler shutting down...
[INFO][server.go:42] 2022/08/29 20:53:59 bind: 0.0.0.0:6379, start listening...
[INFO][server.go:72] 2022/08/29 20:54:12 accept link
[INFO][echo.go:55] 2022/08/29 20:54:12 connection close
[INFO][server.go:53] 2022/08/29 20:57:25 shutting down...
[INFO][echo.go:71] 2022/08/29 20:57:25 handler shutting down...
